INFO    : PreTeXt-CLI version: 2.6.0

INFO    : PreTeXt project found in `C:\Users\klorenzen\OneDrive - Linfield University\Desktop\intro-data-science\intro-data-science`.
WARNING : Using CLI version 2.6.0 but project's `requirements.txt`
WARNING : is configured to use 1.3.1. Consider either installing
WARNING : CLI version 1.3.1 or running `pretext init --refresh`
WARNING : to update `requirements.txt` to match 2.6.0.
INFO    : Building target web
INFO    : Preparing to build into C:\Users\klorenzen\OneDrive - Linfield University\Desktop\intro-data-science\intro-data-science\output\web.
INFO    : discovering source file's directory name: C:\Users\klorenzen\OneDrive - Linfield University\Desktop\intro-data-science\intro-data-science\source
INFO    : verifying and expanding input directory: C:\Users\klorenzen\OneDrive - Linfield University\Desktop\intro-data-science\intro-data-science\source\../generated-assets
INFO    : input directory expanded to absolute path: C:\Users\klorenzen\OneDrive - Linfield University\Desktop\intro-data-science\intro-data-science\generated-assets
INFO    : verifying and expanding input directory: C:\Users\klorenzen\OneDrive - Linfield University\Desktop\intro-data-science\intro-data-science\source\../assets
INFO    : input directory expanded to absolute path: C:\Users\klorenzen\OneDrive - Linfield University\Desktop\intro-data-science\intro-data-science\assets
INFO    : Runestone Services (via PreTeXt repository): version 7.3.0
INFO    : Runestone Services (using newer, via online CDN query): version 7.3.3
INFO    : converting C:\Users\klorenzen\OneDrive - Linfield University\Desktop\intro-data-science\intro-data-science\source\main.ptx to HTML in C:\Users\KLOREN~1\AppData\Local\Temp\ptx-yoryyv_4
INFO    : XSL conversion of C:\Users\klorenzen\OneDrive - Linfield University\Desktop\intro-data-science\intro-data-science\source\main.ptx by C:\Users\klorenzen\.ptx\2.6.0\core\xsl\pretext-html.xsl
INFO    : messages from the log for XSL processing:
WARNING : * PTX:WARNING: A section containing subsections needs to have other content inside an <introduction> and/or  <conclusion>.
INFO    : *              located within: "section-3-1" (xml:id), "Data Verbs" (title)
WARNING : * PTX:WARNING: A section containing subsections needs to have other content inside an <introduction> and/or  <conclusion>.
INFO    : *              located within: "section-9-3" (xml:id), "Environmental" (title)
INFO    : * PTX:DEPRECATE: (2023-08-08) a "website" element with "address" and "name" children has changed.  Continue to use the "website" element as before, but replace the "address" and "name" children with a single "url" element, which is more flexible and reliable.  We will try to honor your intent, but you may prefer your own adjustments. (1 time)
INFO    : *              located within: "frontmatter" (xml:id)
INFO    : * --------------
INFO    : successful application of C:\Users\klorenzen\.ptx\2.6.0\core\xsl\pretext-html.xsl
INFO    : 
Success! Run `pretext view` to see the results.

INFO    : 
