INFO    : PreTeXt-CLI version: 2.6.0

INFO    : PreTeXt project found in `C:\Users\klorenzen\OneDrive - Linfield University\Desktop\intro-data-science\intro-data-science`.
WARNING : Using CLI version 2.6.0 but project's `requirements.txt`
WARNING : is configured to use 1.3.1. Consider either installing
WARNING : CLI version 1.3.1 or running `pretext init --refresh`
WARNING : to update `requirements.txt` to match 2.6.0.
INFO    : Staging deployment according to strategy default_target
INFO    : Since no target was supplied, we will use "web".

INFO    : Staging latest build located in `C:\Users\klorenzen\OneDrive - Linfield University\Desktop\intro-data-science\intro-data-science\output\web` at `C:\Users\klorenzen\OneDrive - Linfield University\Desktop\intro-data-science\intro-data-science\output\stage`.
INFO    : 
INFO    : Preparing to deploy from active `main` git branch.
INFO    : 
INFO    : Changes to project source since last commit detected.
ERROR   : Either add and commit these changes with Git, or run
ERROR   : `pretext deploy -u` to have these changes updated automatically.
INFO    : 
----------------------------------------------------
INFO    : While running pretext, the following errors occurred:

INFO    : (see log messages above or in the 'logs' folder for more information)
INFO    : ----------------------------------------------------
